<?xml version="1.0" encoding="UTF-8"?>
<!-- Generated by org.testng.reporters.JUnitReportReporter -->
<testsuite hostname="GRB-LDS1W10A01" name="com.register.test.RegisterUserTest03" tests="58" failures="0" timestamp="8 Feb 2018 12:24:34 GMT" time="918.698" errors="2">
  <testcase name="userRegistration" time="18.996" classname="com.register.test.RegisterUserTest03"/>
  <testcase name="userRegistration" time="16.198" classname="com.register.test.RegisterUserTest03"/>
  <testcase name="userRegistration" time="15.685" classname="com.register.test.RegisterUserTest03"/>
  <testcase name="userRegistration" time="14.607" classname="com.register.test.RegisterUserTest03"/>
  <testcase name="userRegistration" time="17.053" classname="com.register.test.RegisterUserTest03"/>
  <testcase name="userRegistration" time="15.992" classname="com.register.test.RegisterUserTest03"/>
  <testcase name="userRegistration" time="12.983" classname="com.register.test.RegisterUserTest03"/>
  <testcase name="userRegistration" time="12.685" classname="com.register.test.RegisterUserTest03"/>
  <testcase name="userRegistration" time="12.725" classname="com.register.test.RegisterUserTest03"/>
  <testcase name="userRegistration" time="19.501" classname="com.register.test.RegisterUserTest03">
    <error type="org.openqa.selenium.NoSuchElementException" message="Login url is not working
For documentation on this error, please visit: http://seleniumhq.org/exceptions/no_such_element.html
Build info: version: &#039;3.5.3&#039;, revision: &#039;a88d25fe6b&#039;, time: &#039;2017-08-29T12:42:44.417Z&#039;
System info: host: &#039;GRB-LDS1W10A01&#039;, ip: &#039;172.20.16.213&#039;, os.name: &#039;Windows 10&#039;, os.arch: &#039;amd64&#039;, os.version: &#039;10.0&#039;, java.version: &#039;1.8.0_144&#039;
Driver info: driver.version: unknown">
      <![CDATA[org.openqa.selenium.NoSuchElementException: Login url is not working
For documentation on this error, please visit: http://seleniumhq.org/exceptions/no_such_element.html
Build info: version: '3.5.3', revision: 'a88d25fe6b', time: '2017-08-29T12:42:44.417Z'
System info: host: 'GRB-LDS1W10A01', ip: '172.20.16.213', os.name: 'Windows 10', os.arch: 'amd64', os.version: '10.0', java.version: '1.8.0_144'
Driver info: driver.version: unknown
	at com.register.test.RegisterUserTest03.userRegistration(RegisterUserTest03.java:52)
	at sun.reflect.GeneratedMethodAccessor5.invoke(Unknown Source)
	at sun.reflect.DelegatingMethodAccessorImpl.invoke(Unknown Source)
	at java.lang.reflect.Method.invoke(Unknown Source)
	at org.testng.internal.MethodInvocationHelper.invokeMethod(MethodInvocationHelper.java:86)
	at org.testng.internal.Invoker.invokeMethod(Invoker.java:643)
	at org.testng.internal.Invoker.invokeTestMethod(Invoker.java:820)
	at org.testng.internal.Invoker.invokeTestMethods(Invoker.java:1128)
	at org.testng.internal.TestMethodWorker.invokeTestMethods(TestMethodWorker.java:129)
	at org.testng.internal.TestMethodWorker.run(TestMethodWorker.java:112)
	at org.testng.TestRunner.privateRun(TestRunner.java:782)
	at org.testng.TestRunner.run(TestRunner.java:632)
	at org.testng.SuiteRunner.runTest(SuiteRunner.java:366)
	at org.testng.SuiteRunner.runSequentially(SuiteRunner.java:361)
	at org.testng.SuiteRunner.privateRun(SuiteRunner.java:319)
	at org.testng.SuiteRunner.run(SuiteRunner.java:268)
	at org.testng.SuiteRunnerWorker.runSuite(SuiteRunnerWorker.java:52)
	at org.testng.SuiteRunnerWorker.run(SuiteRunnerWorker.java:86)
	at org.testng.TestNG.runSuitesSequentially(TestNG.java:1244)
	at org.testng.TestNG.runSuitesLocally(TestNG.java:1169)
	at org.testng.TestNG.run(TestNG.java:1064)
	at org.testng.remote.AbstractRemoteTestNG.run(AbstractRemoteTestNG.java:114)
	at org.testng.remote.RemoteTestNG.initAndRun(RemoteTestNG.java:251)
	at org.testng.remote.RemoteTestNG.main(RemoteTestNG.java:77)
]]>
    </error>
  </testcase> <!-- userRegistration -->
  <testcase name="userRegistration" time="17.282" classname="com.register.test.RegisterUserTest03"/>
  <testcase name="userRegistration" time="13.159" classname="com.register.test.RegisterUserTest03"/>
  <testcase name="userRegistration" time="16.495" classname="com.register.test.RegisterUserTest03"/>
  <testcase name="userRegistration" time="12.764" classname="com.register.test.RegisterUserTest03"/>
  <testcase name="userRegistration" time="44.456" classname="com.register.test.RegisterUserTest03"/>
  <testcase name="userRegistration" time="13.444" classname="com.register.test.RegisterUserTest03"/>
  <testcase name="userRegistration" time="14.786" classname="com.register.test.RegisterUserTest03"/>
  <testcase name="userRegistration" time="30.174" classname="com.register.test.RegisterUserTest03">
    <error type="org.openqa.selenium.NoSuchElementException" message="Register url not working
For documentation on this error, please visit: http://seleniumhq.org/exceptions/no_such_element.html
Build info: version: &#039;3.5.3&#039;, revision: &#039;a88d25fe6b&#039;, time: &#039;2017-08-29T12:42:44.417Z&#039;
System info: host: &#039;GRB-LDS1W10A01&#039;, ip: &#039;172.20.16.213&#039;, os.name: &#039;Windows 10&#039;, os.arch: &#039;amd64&#039;, os.version: &#039;10.0&#039;, java.version: &#039;1.8.0_144&#039;
Driver info: driver.version: unknown">
      <![CDATA[org.openqa.selenium.NoSuchElementException: Register url not working
For documentation on this error, please visit: http://seleniumhq.org/exceptions/no_such_element.html
Build info: version: '3.5.3', revision: 'a88d25fe6b', time: '2017-08-29T12:42:44.417Z'
System info: host: 'GRB-LDS1W10A01', ip: '172.20.16.213', os.name: 'Windows 10', os.arch: 'amd64', os.version: '10.0', java.version: '1.8.0_144'
Driver info: driver.version: unknown
	at com.register.test.RegisterUserTest03.userRegistration(RegisterUserTest03.java:71)
	at sun.reflect.NativeMethodAccessorImpl.invoke0(Native Method)
	at sun.reflect.NativeMethodAccessorImpl.invoke(Unknown Source)
	at sun.reflect.DelegatingMethodAccessorImpl.invoke(Unknown Source)
	at java.lang.reflect.Method.invoke(Unknown Source)
	at org.testng.internal.MethodInvocationHelper.invokeMethod(MethodInvocationHelper.java:86)
	at org.testng.internal.Invoker.invokeMethod(Invoker.java:643)
	at org.testng.internal.Invoker.invokeTestMethod(Invoker.java:820)
	at org.testng.internal.Invoker.invokeTestMethods(Invoker.java:1128)
	at org.testng.internal.TestMethodWorker.invokeTestMethods(TestMethodWorker.java:129)
	at org.testng.internal.TestMethodWorker.run(TestMethodWorker.java:112)
	at org.testng.TestRunner.privateRun(TestRunner.java:782)
	at org.testng.TestRunner.run(TestRunner.java:632)
	at org.testng.SuiteRunner.runTest(SuiteRunner.java:366)
	at org.testng.SuiteRunner.runSequentially(SuiteRunner.java:361)
	at org.testng.SuiteRunner.privateRun(SuiteRunner.java:319)
	at org.testng.SuiteRunner.run(SuiteRunner.java:268)
	at org.testng.SuiteRunnerWorker.runSuite(SuiteRunnerWorker.java:52)
	at org.testng.SuiteRunnerWorker.run(SuiteRunnerWorker.java:86)
	at org.testng.TestNG.runSuitesSequentially(TestNG.java:1244)
	at org.testng.TestNG.runSuitesLocally(TestNG.java:1169)
	at org.testng.TestNG.run(TestNG.java:1064)
	at org.testng.remote.AbstractRemoteTestNG.run(AbstractRemoteTestNG.java:114)
	at org.testng.remote.RemoteTestNG.initAndRun(RemoteTestNG.java:251)
	at org.testng.remote.RemoteTestNG.main(RemoteTestNG.java:77)
]]>
    </error>
  </testcase> <!-- userRegistration -->
  <testcase name="userRegistration" time="20.646" classname="com.register.test.RegisterUserTest03"/>
  <testcase name="userRegistration" time="14.104" classname="com.register.test.RegisterUserTest03"/>
  <testcase name="userRegistration" time="15.496" classname="com.register.test.RegisterUserTest03"/>
  <testcase name="userRegistration" time="17.201" classname="com.register.test.RegisterUserTest03"/>
  <testcase name="userRegistration" time="15.330" classname="com.register.test.RegisterUserTest03"/>
  <testcase name="userRegistration" time="14.583" classname="com.register.test.RegisterUserTest03"/>
  <testcase name="userRegistration" time="14.052" classname="com.register.test.RegisterUserTest03"/>
  <testcase name="userRegistration" time="14.552" classname="com.register.test.RegisterUserTest03"/>
  <testcase name="userRegistration" time="15.834" classname="com.register.test.RegisterUserTest03"/>
  <testcase name="userRegistration" time="14.153" classname="com.register.test.RegisterUserTest03"/>
  <testcase name="userRegistration" time="13.684" classname="com.register.test.RegisterUserTest03"/>
  <testcase name="userRegistration" time="13.058" classname="com.register.test.RegisterUserTest03"/>
  <testcase name="userRegistration" time="14.131" classname="com.register.test.RegisterUserTest03"/>
  <testcase name="userRegistration" time="13.442" classname="com.register.test.RegisterUserTest03"/>
  <testcase name="userRegistration" time="15.428" classname="com.register.test.RegisterUserTest03"/>
  <testcase name="userRegistration" time="15.041" classname="com.register.test.RegisterUserTest03"/>
  <testcase name="userRegistration" time="14.619" classname="com.register.test.RegisterUserTest03"/>
  <testcase name="userRegistration" time="13.502" classname="com.register.test.RegisterUserTest03"/>
  <testcase name="userRegistration" time="14.527" classname="com.register.test.RegisterUserTest03"/>
  <testcase name="userRegistration" time="13.671" classname="com.register.test.RegisterUserTest03"/>
  <testcase name="userRegistration" time="14.373" classname="com.register.test.RegisterUserTest03"/>
  <testcase name="userRegistration" time="13.124" classname="com.register.test.RegisterUserTest03"/>
  <testcase name="userRegistration" time="16.679" classname="com.register.test.RegisterUserTest03"/>
  <testcase name="userRegistration" time="14.913" classname="com.register.test.RegisterUserTest03"/>
  <testcase name="userRegistration" time="16.307" classname="com.register.test.RegisterUserTest03"/>
  <testcase name="userRegistration" time="14.414" classname="com.register.test.RegisterUserTest03"/>
  <testcase name="userRegistration" time="16.711" classname="com.register.test.RegisterUserTest03"/>
  <testcase name="userRegistration" time="14.426" classname="com.register.test.RegisterUserTest03"/>
  <testcase name="userRegistration" time="13.738" classname="com.register.test.RegisterUserTest03"/>
  <testcase name="userRegistration" time="14.062" classname="com.register.test.RegisterUserTest03"/>
  <testcase name="userRegistration" time="16.433" classname="com.register.test.RegisterUserTest03"/>
  <testcase name="userRegistration" time="16.300" classname="com.register.test.RegisterUserTest03"/>
  <testcase name="userRegistration" time="12.732" classname="com.register.test.RegisterUserTest03"/>
  <testcase name="userRegistration" time="13.715" classname="com.register.test.RegisterUserTest03"/>
  <testcase name="userRegistration" time="15.768" classname="com.register.test.RegisterUserTest03"/>
  <testcase name="userRegistration" time="16.610" classname="com.register.test.RegisterUserTest03"/>
  <testcase name="userRegistration" time="13.819" classname="com.register.test.RegisterUserTest03"/>
  <testcase name="userRegistration" time="21.054" classname="com.register.test.RegisterUserTest03"/>
  <testcase name="userRegistration" time="14.354" classname="com.register.test.RegisterUserTest03"/>
  <testcase name="userRegistration" time="13.127" classname="com.register.test.RegisterUserTest03"/>
</testsuite> <!-- com.register.test.RegisterUserTest03 -->
